<?xml version="1.0" encoding="UTF-8"?>
<testsuite xmlns:xsi="http://www.w3.org/2001/XMLSchema-instance" xsi:noNamespaceSchemaLocation="https://maven.apache.org/surefire/maven-surefire-plugin/xsd/surefire-test-report-3.0.xsd" version="3.0" name="As a user, I should be able to send messages by clicking on Message tab under Active Stream. #1" time="88.407" tests="1" errors="1" skipped="0" failures="0">
  <properties>
[...]
</properties>
  <testcase name="hr4@cybertekschool.com should be able to click on upload files icon to upload files and pictures from local disks," classname="As a user, I should be able to send messages by clicking on Message tab under Active Stream. #1" time="77.55">
    <error message="Expected condition failed: waiting for visibility of [[ChromeDriver: chrome on MAC (4c9f8821167736328fdc0f085210b4ca)] -&gt; id: video_idPostFormLHE_blogPostForm-size] (tried for 30 second(s) with 500 milliseconds interval)&#10;Build info: version: &apos;3.141.59&apos;, revision: &apos;e82be7d358&apos;, time: &apos;2018-11-14T08:17:03&apos;&#10;System info: host: &apos;Aylins-MBP.lan&apos;, ip: &apos;fe80:0:0:0:1a:e779:5338:f0fe%en0&apos;, os.name: &apos;Mac OS X&apos;, os.arch: &apos;x86_64&apos;, os.version: &apos;10.15.5&apos;, java.version: &apos;14.0.1&apos;&#10;Driver info: org.openqa.selenium.chrome.ChromeDriver&#10;Capabilities {acceptInsecureCerts: false, browserName: chrome, browserVersion: 84.0.4147.89, chrome: {chromedriverVersion: 84.0.4147.30 (48b3e868b4cc0..., userDataDir: /var/folders/m3/rs35tdl94kl...}, goog:chromeOptions: {debuggerAddress: localhost:52106}, javascriptEnabled: true, networkConnectionEnabled: false, pageLoadStrategy: normal, platform: MAC, platformName: MAC, proxy: Proxy(), setWindowRect: true, strictFileInteractability: false, timeouts: {implicit: 0, pageLoad: 300000, script: 30000}, unhandledPromptBehavior: dismiss and notify, webauthn:virtualAuthenticators: true}&#10;Session ID: 4c9f8821167736328fdc0f085210b4ca" type="org.openqa.selenium.TimeoutException"><![CDATA[org.openqa.selenium.TimeoutException: 
Expected condition failed: waiting for visibility of [[ChromeDriver: chrome on MAC (4c9f8821167736328fdc0f085210b4ca)] -> id: video_idPostFormLHE_blogPostForm-size] (tried for 30 second(s) with 500 milliseconds interval)
Build info: version: '3.141.59', revision: 'e82be7d358', time: '2018-11-14T08:17:03'
System info: host: 'Aylins-MBP.lan', ip: 'fe80:0:0:0:1a:e779:5338:f0fe%en0', os.name: 'Mac OS X', os.arch: 'x86_64', os.version: '10.15.5', java.version: '14.0.1'
Driver info: org.openqa.selenium.chrome.ChromeDriver
Capabilities {acceptInsecureCerts: false, browserName: chrome, browserVersion: 84.0.4147.89, chrome: {chromedriverVersion: 84.0.4147.30 (48b3e868b4cc0..., userDataDir: /var/folders/m3/rs35tdl94kl...}, goog:chromeOptions: {debuggerAddress: localhost:52106}, javascriptEnabled: true, networkConnectionEnabled: false, pageLoadStrategy: normal, platform: MAC, platformName: MAC, proxy: Proxy(), setWindowRect: true, strictFileInteractability: false, timeouts: {implicit: 0, pageLoad: 300000, script: 30000}, unhandledPromptBehavior: dismiss and notify, webauthn:virtualAuthenticators: true}
Session ID: 4c9f8821167736328fdc0f085210b4ca
]]></error>
    <system-err><![CDATA[SLF4J: Failed to load class "org.slf4j.impl.StaticLoggerBinder".
SLF4J: Defaulting to no-operation (NOP) logger implementation
SLF4J: See http://www.slf4j.org/codes.html#StaticLoggerBinder for further details.
Starting ChromeDriver 84.0.4147.30 (48b3e868b4cc0aa7e8149519690b6f6949e110a8-refs/branch-heads/4147@{#310}) on port 14671
Only local connections are allowed.
Please see https://chromedriver.chromium.org/security-considerations for suggestions on keeping ChromeDriver safe.
ChromeDriver was started successfully.
Jul 26, 2020 11:13:54 AM org.openqa.selenium.remote.ProtocolHandshake createSession
INFO: Detected dialect: W3C
]]></system-err>
    <rerunError message="Expected condition failed: waiting for visibility of [[ChromeDriver: chrome on MAC (e0885dc9bf81f2753dd54911c216ab25)] -&gt; id: video_idPostFormLHE_blogPostForm-size] (tried for 30 second(s) with 500 milliseconds interval)&#10;Build info: version: &apos;3.141.59&apos;, revision: &apos;e82be7d358&apos;, time: &apos;2018-11-14T08:17:03&apos;&#10;System info: host: &apos;Aylins-MBP.lan&apos;, ip: &apos;fe80:0:0:0:1a:e779:5338:f0fe%en0&apos;, os.name: &apos;Mac OS X&apos;, os.arch: &apos;x86_64&apos;, os.version: &apos;10.15.5&apos;, java.version: &apos;14.0.1&apos;&#10;Driver info: org.openqa.selenium.chrome.ChromeDriver&#10;Capabilities {acceptInsecureCerts: false, browserName: chrome, browserVersion: 84.0.4147.89, chrome: {chromedriverVersion: 84.0.4147.30 (48b3e868b4cc0..., userDataDir: /var/folders/m3/rs35tdl94kl...}, goog:chromeOptions: {debuggerAddress: localhost:52214}, javascriptEnabled: true, networkConnectionEnabled: false, pageLoadStrategy: normal, platform: MAC, platformName: MAC, proxy: Proxy(), setWindowRect: true, strictFileInteractability: false, timeouts: {implicit: 0, pageLoad: 300000, script: 30000}, unhandledPromptBehavior: dismiss and notify, webauthn:virtualAuthenticators: true}&#10;Session ID: e0885dc9bf81f2753dd54911c216ab25" type="org.openqa.selenium.TimeoutException">
      <stackTrace><![CDATA[org.openqa.selenium.TimeoutException: 
Expected condition failed: waiting for visibility of [[ChromeDriver: chrome on MAC (e0885dc9bf81f2753dd54911c216ab25)] -> id: video_idPostFormLHE_blogPostForm-size] (tried for 30 second(s) with 500 milliseconds interval)
Build info: version: '3.141.59', revision: 'e82be7d358', time: '2018-11-14T08:17:03'
System info: host: 'Aylins-MBP.lan', ip: 'fe80:0:0:0:1a:e779:5338:f0fe%en0', os.name: 'Mac OS X', os.arch: 'x86_64', os.version: '10.15.5', java.version: '14.0.1'
Driver info: org.openqa.selenium.chrome.ChromeDriver
Capabilities {acceptInsecureCerts: false, browserName: chrome, browserVersion: 84.0.4147.89, chrome: {chromedriverVersion: 84.0.4147.30 (48b3e868b4cc0..., userDataDir: /var/folders/m3/rs35tdl94kl...}, goog:chromeOptions: {debuggerAddress: localhost:52214}, javascriptEnabled: true, networkConnectionEnabled: false, pageLoadStrategy: normal, platform: MAC, platformName: MAC, proxy: Proxy(), setWindowRect: true, strictFileInteractability: false, timeouts: {implicit: 0, pageLoad: 300000, script: 30000}, unhandledPromptBehavior: dismiss and notify, webauthn:virtualAuthenticators: true}
Session ID: e0885dc9bf81f2753dd54911c216ab25
]]></stackTrace>
      <system-err><![CDATA[Starting ChromeDriver 84.0.4147.30 (48b3e868b4cc0aa7e8149519690b6f6949e110a8-refs/branch-heads/4147@{#310}) on port 46009
Only local connections are allowed.
Please see https://chromedriver.chromium.org/security-considerations for suggestions on keeping ChromeDriver safe.
ChromeDriver was started successfully.
Jul 26, 2020 11:15:11 AM org.openqa.selenium.remote.ProtocolHandshake createSession
INFO: Detected dialect: W3C
[1595776596.786][SEVERE]: Timed out receiving message from renderer: 10.000
[1595776596.787][WARNING]: screenshot failed, retrying timeout: Timed out receiving message from renderer: 10.000
]]></system-err>
    </rerunError>
  </testcase>
</testsuite>